SF:lib/models/strapi_attribute_models.dart
DA:8,2
DA:19,2
DA:27,2
DA:39,2
DA:50,1
DA:59,0
DA:66,1
LF:7
LH:6
end_of_record
SF:lib/models/strapi_return_model.dart
DA:10,1
LF:1
LH:1
end_of_record
SF:lib/strapi_converter/converter.dart
DA:11,1
DA:12,1
DA:14,1
DA:15,1
DA:16,1
DA:17,1
DA:18,1
DA:21,4
DA:22,2
DA:23,2
DA:25,2
DA:26,2
DA:31,2
DA:32,3
DA:37,2
DA:38,2
DA:39,3
DA:44,0
DA:45,0
DA:52,1
DA:57,3
DA:59,2
DA:60,1
DA:61,4
DA:63,2
DA:64,3
DA:67,1
DA:68,1
DA:69,1
DA:73,2
DA:75,1
DA:76,2
DA:77,3
DA:80,1
DA:81,1
DA:82,3
DA:83,4
DA:84,1
DA:85,1
DA:88,2
DA:95,1
DA:99,3
DA:101,2
DA:102,6
DA:103,6
DA:104,1
DA:105,1
DA:106,3
DA:107,1
DA:109,1
DA:112,1
DA:114,2
DA:120,0
DA:121,0
DA:123,0
DA:125,0
DA:130,0
DA:136,0
DA:140,0
LF:59
LH:50
end_of_record
SF:lib/strapi_converter/rich_text_visualization.dart
DA:4,1
DA:9,1
DA:11,2
DA:12,5
DA:15,2
DA:16,2
DA:18,1
DA:19,1
DA:20,1
DA:21,1
DA:22,1
DA:25,1
DA:26,1
DA:27,0
DA:28,0
DA:29,0
DA:42,1
DA:43,2
DA:45,1
DA:46,1
DA:47,1
DA:48,1
DA:49,1
DA:50,1
DA:51,1
DA:52,1
DA:53,1
DA:54,1
DA:56,0
LF:29
LH:25
end_of_record
SF:lib/models/data_model.dart
DA:15,1
DA:16,1
LF:2
LH:2
end_of_record
SF:lib/models/data_model.g.dart
DA:9,1
DA:10,1
DA:11,1
DA:12,1
DA:15,0
DA:16,0
DA:17,0
DA:18,0
LF:8
LH:4
end_of_record
SF:lib/models/strapi_model.dart
DA:15,1
DA:16,1
LF:2
LH:2
end_of_record
SF:lib/models/strapi_model.g.dart
DA:9,1
DA:10,1
DA:11,2
DA:12,1
DA:15,0
DA:16,0
DA:17,0
DA:18,0
LF:8
LH:4
end_of_record
SF:lib/models/strapi_result_with_widgets.dart
DA:8,0
LF:1
LH:0
end_of_record
